2026-01-08 17:11:05,332 - INFO -  * Detected change in 'f:\\schedule_system\\app.py', reloading
2026-01-08 17:11:05,577 - INFO -  * Restarting with stat
2026-01-08 17:11:06,145 - INFO -  * Detected change in 'f:\\schedule_system\\app.py', reloading
2026-01-08 17:11:06,333 - INFO -  * Restarting with stat
2026-01-08 17:11:10,829 - WARNING -  * Debugger is active!
2026-01-08 17:11:10,846 - INFO -  * Debugger PIN: 570-250-899
2026-01-08 17:11:11,664 - WARNING -  * Debugger is active!
2026-01-08 17:11:11,681 - INFO -  * Debugger PIN: 570-250-899
2026-01-08 17:11:50,219 - INFO - Received config courses type: <class 'dict'>
2026-01-08 17:11:50,219 - INFO -   -> è¯­æ–‡ uses original pool: 1 teachers
2026-01-08 17:11:50,220 - INFO - Subject Sharding Report Complete.
2026-01-08 17:11:50,220 - INFO - ===== æ’è¯¾è¯Šæ–­ä¿¡æ¯ =====
2026-01-08 17:11:50,220 - INFO - ç­çº§æ•°: 1, ç§‘ç›®æ•°: 1
2026-01-08 17:11:50,220 - INFO - æ¯å‘¨å¯ç”¨æ—¶æ®µ: 40 (5å¤© x 8èŠ‚)
2026-01-08 17:11:50,220 - INFO - æ ·æœ¬ç­çº§ (1) è¯¾æ—¶éœ€æ±‚: 50 èŠ‚
2026-01-08 17:11:50,220 - WARNING - [è­¦å‘Š] è¯¾æ—¶éœ€æ±‚ (50) è¶…è¿‡å¯ç”¨æ—¶æ®µ (40)ï¼Œæ±‚è§£å¿…ç„¶å¤±è´¥ï¼
2026-01-08 17:11:50,220 - INFO - =========================
2026-01-08 17:11:50,220 - INFO - Generated 1 teachers after sharding. Total subjects in model: 1
2026-01-08 17:11:50,220 - INFO - æœ€ç¹å¿™è€å¸ˆ: è¯­æ–‡è€å¸ˆ, å‘¨è¯¾æ—¶: 50, åˆ†é…ç­çº§æ•°: 1
2026-01-08 17:11:50,220 - WARNING - [è­¦å‘Š] è€å¸ˆ è¯­æ–‡è€å¸ˆ å‘¨è¯¾æ—¶ (50) è¶…è¿‡å¯ç”¨æ—¶æ®µ (40)ï¼Œæ±‚è§£å¿…ç„¶å¤±è´¥ï¼
2026-01-08 17:11:50,222 - INFO - [è§„åˆ™è¯Šæ–­] æ”¶åˆ° 0 æ¡è§„åˆ™:
2026-01-08 17:11:50,222 - INFO - Using SHAOXING_PRESET_RULES because rules list is empty and legacy mode is enabled.
2026-01-08 17:11:50,233 - INFO - Solver status: INFEASIBLE
2026-01-08 17:11:50,233 - INFO - Received config courses type: <class 'dict'>
2026-01-08 17:11:50,233 - INFO -   -> è¯­æ–‡ uses original pool: 1 teachers
2026-01-08 17:11:50,233 - INFO -   -> æ•°å­¦ uses original pool: 1 teachers
2026-01-08 17:11:50,233 - INFO - Subject Sharding Report Complete.
2026-01-08 17:11:50,234 - INFO - ===== æ’è¯¾è¯Šæ–­ä¿¡æ¯ =====
2026-01-08 17:11:50,234 - INFO - ç­çº§æ•°: 3, ç§‘ç›®æ•°: 2
2026-01-08 17:11:50,234 - INFO - æ¯å‘¨å¯ç”¨æ—¶æ®µ: 40 (5å¤© x 8èŠ‚)
2026-01-08 17:11:50,234 - INFO - æ ·æœ¬ç­çº§ (1) è¯¾æ—¶éœ€æ±‚: 4 èŠ‚
2026-01-08 17:11:50,234 - INFO - =========================
2026-01-08 17:11:50,234 - INFO - Generated 2 teachers after sharding. Total subjects in model: 2
2026-01-08 17:11:50,234 - INFO - æœ€ç¹å¿™è€å¸ˆ: å¼ ä¸‰, å‘¨è¯¾æ—¶: 6, åˆ†é…ç­çº§æ•°: 3
2026-01-08 17:11:50,250 - INFO - [è§„åˆ™è¯Šæ–­] æ”¶åˆ° 0 æ¡è§„åˆ™:
2026-01-08 17:11:50,250 - INFO - Using SHAOXING_PRESET_RULES because rules list is empty and legacy mode is enabled.
2026-01-08 17:11:50,295 - INFO - Solver status: INFEASIBLE
2026-01-08 17:11:50,296 - INFO - Received config courses type: <class 'list'>
2026-01-08 17:11:50,296 - INFO -   -> è¯­æ–‡ uses original pool: 1 teachers
2026-01-08 17:11:50,296 - INFO -   -> æ•°å­¦ uses original pool: 1 teachers
2026-01-08 17:11:50,296 - INFO - Subject Sharding Report Complete.
2026-01-08 17:11:50,297 - INFO - ===== æ’è¯¾è¯Šæ–­ä¿¡æ¯ =====
2026-01-08 17:11:50,297 - INFO - ç­çº§æ•°: 2, ç§‘ç›®æ•°: 2
2026-01-08 17:11:50,297 - INFO - æ¯å‘¨å¯ç”¨æ—¶æ®µ: 40 (5å¤© x 8èŠ‚)
2026-01-08 17:11:50,297 - INFO - æ ·æœ¬ç­çº§ (1) è¯¾æ—¶éœ€æ±‚: 4 èŠ‚
2026-01-08 17:11:50,297 - INFO - =========================
2026-01-08 17:11:50,297 - INFO - Generated 2 teachers after sharding. Total subjects in model: 2
2026-01-08 17:11:50,297 - INFO - æœ€ç¹å¿™è€å¸ˆ: è¯­æ–‡è€å¸ˆ, å‘¨è¯¾æ—¶: 4, åˆ†é…ç­çº§æ•°: 2
2026-01-08 17:11:50,306 - INFO - [è§„åˆ™è¯Šæ–­] æ”¶åˆ° 0 æ¡è§„åˆ™:
2026-01-08 17:11:50,306 - INFO - Using SHAOXING_PRESET_RULES because rules list is empty and legacy mode is enabled.
2026-01-08 17:11:50,339 - INFO - Solver status: INFEASIBLE
2026-01-08 17:11:50,371 - INFO - Received config courses type: <class 'dict'>
2026-01-08 17:11:50,371 - INFO - Subject è¯­æ–‡ triggers Smart Sharding Pro. (Total: 1, Load Factor: 1, Concurrency Factor: 1)
2026-01-08 17:11:50,371 - INFO -   -> Generated 1 sharded identities for è¯­æ–‡
2026-01-08 17:11:50,371 - INFO - Subject Sharding Report Complete.
2026-01-08 17:11:50,371 - INFO - ===== æ’è¯¾è¯Šæ–­ä¿¡æ¯ =====
2026-01-08 17:11:50,371 - INFO - ç­çº§æ•°: 1, ç§‘ç›®æ•°: 1
2026-01-08 17:11:50,371 - INFO - æ¯å‘¨å¯ç”¨æ—¶æ®µ: 40 (5å¤© x 8èŠ‚)
2026-01-08 17:11:50,371 - INFO - æ ·æœ¬ç­çº§ (1) è¯¾æ—¶éœ€æ±‚: 6 èŠ‚
2026-01-08 17:11:50,371 - INFO - =========================
2026-01-08 17:11:50,371 - INFO - Generated 1 teachers after sharding. Total subjects in model: 1
2026-01-08 17:11:50,371 - INFO - æœ€ç¹å¿™è€å¸ˆ: ç‹è£A, å‘¨è¯¾æ—¶: 6, åˆ†é…ç­çº§æ•°: 1
2026-01-08 17:11:50,372 - INFO - Received config courses type: <class 'dict'>
2026-01-08 17:11:50,372 - INFO -   -> æ•°å­¦ uses original pool: 1 teachers
2026-01-08 17:11:50,372 - INFO - Subject Sharding Report Complete.
2026-01-08 17:11:50,372 - INFO - ===== æ’è¯¾è¯Šæ–­ä¿¡æ¯ =====
2026-01-08 17:11:50,372 - INFO - ç­çº§æ•°: 1, ç§‘ç›®æ•°: 1
2026-01-08 17:11:50,372 - INFO - æ¯å‘¨å¯ç”¨æ—¶æ®µ: 40 (5å¤© x 8èŠ‚)
2026-01-08 17:11:50,372 - INFO - æ ·æœ¬ç­çº§ (1) è¯¾æ—¶éœ€æ±‚: 1 èŠ‚
2026-01-08 17:11:50,372 - INFO - =========================
2026-01-08 17:11:50,372 - INFO - Generated 1 teachers after sharding. Total subjects in model: 1
2026-01-08 17:11:50,372 - INFO - æœ€ç¹å¿™è€å¸ˆ: ç‹å†›, å‘¨è¯¾æ—¶: 1, åˆ†é…ç­çº§æ•°: 1
2026-01-08 17:11:50,372 - INFO - Received config courses type: <class 'dict'>
2026-01-08 17:11:50,372 - INFO -   -> æ•°å­¦ uses original pool: 1 teachers
2026-01-08 17:11:50,372 - INFO - Subject Sharding Report Complete.
2026-01-08 17:11:50,372 - INFO - ===== æ’è¯¾è¯Šæ–­ä¿¡æ¯ =====
2026-01-08 17:11:50,372 - INFO - ç­çº§æ•°: 3, ç§‘ç›®æ•°: 1
2026-01-08 17:11:50,372 - INFO - æ¯å‘¨å¯ç”¨æ—¶æ®µ: 40 (5å¤© x 8èŠ‚)
2026-01-08 17:11:50,372 - INFO - æ ·æœ¬ç­çº§ (1) è¯¾æ—¶éœ€æ±‚: 5 èŠ‚
2026-01-08 17:11:50,372 - INFO - =========================
2026-01-08 17:11:50,374 - INFO - Generated 1 teachers after sharding. Total subjects in model: 1
2026-01-08 17:11:50,374 - INFO - æœ€ç¹å¿™è€å¸ˆ: ç‹å†›, å‘¨è¯¾æ—¶: 15, åˆ†é…ç­çº§æ•°: 3
2026-01-08 17:11:50,374 - INFO - Received config courses type: <class 'dict'>
2026-01-08 17:11:50,374 - INFO -   -> æ•°å­¦ uses original pool: 1 teachers
2026-01-08 17:11:50,374 - INFO - Subject Sharding Report Complete.
2026-01-08 17:11:50,374 - INFO - ===== æ’è¯¾è¯Šæ–­ä¿¡æ¯ =====
2026-01-08 17:11:50,374 - INFO - ç­çº§æ•°: 2, ç§‘ç›®æ•°: 1
2026-01-08 17:11:50,374 - INFO - æ¯å‘¨å¯ç”¨æ—¶æ®µ: 40 (5å¤© x 8èŠ‚)
2026-01-08 17:11:50,374 - INFO - æ ·æœ¬ç­çº§ (1) è¯¾æ—¶éœ€æ±‚: 5 èŠ‚
2026-01-08 17:11:50,374 - INFO - =========================
2026-01-08 17:11:50,374 - INFO - Generated 1 teachers after sharding. Total subjects in model: 1
2026-01-08 17:11:50,374 - INFO - æœ€ç¹å¿™è€å¸ˆ: ç‹å†›, å‘¨è¯¾æ—¶: 10, åˆ†é…ç­çº§æ•°: 2
2026-01-08 17:11:50,380 - INFO - [è§„åˆ™è¯Šæ–­] æ”¶åˆ° 0 æ¡è§„åˆ™:
2026-01-08 17:11:50,380 - INFO - Using SHAOXING_PRESET_RULES because rules list is empty and legacy mode is enabled.
2026-01-08 17:11:50,434 - INFO - Solver status: OPTIMAL
2026-01-08 17:12:45,173 - INFO -  * Detected change in 'f:\\schedule_system\\normal.py', reloading
2026-01-08 17:12:45,354 - INFO -  * Restarting with stat
2026-01-08 17:12:45,551 - INFO -  * Detected change in 'f:\\schedule_system\\normal.py', reloading
2026-01-08 17:12:45,741 - INFO -  * Restarting with stat
2026-01-08 17:12:50,930 - WARNING -  * Debugger is active!
2026-01-08 17:12:50,948 - INFO -  * Debugger PIN: 570-250-899
2026-01-08 17:12:51,431 - WARNING -  * Debugger is active!
2026-01-08 17:12:51,444 - INFO -  * Debugger PIN: 570-250-899
2026-01-08 17:12:56,533 - INFO -  * Detected change in 'f:\\schedule_system\\normal.py', reloading
2026-01-08 17:12:56,700 - INFO -  * Restarting with stat
2026-01-08 17:12:57,553 - INFO -  * Detected change in 'f:\\schedule_system\\normal.py', reloading
2026-01-08 17:12:57,759 - INFO -  * Restarting with stat
2026-01-08 17:13:01,673 - WARNING -  * Debugger is active!
2026-01-08 17:13:01,687 - INFO -  * Debugger PIN: 570-250-899
2026-01-08 17:13:02,901 - WARNING -  * Debugger is active!
2026-01-08 17:13:02,914 - INFO -  * Debugger PIN: 570-250-899
2026-01-08 17:13:58,116 - INFO - [31m[1mWARNING: This is a development server. Do not use it in a production deployment. Use a production WSGI server instead.[0m
 * Running on http://127.0.0.1:8015
2026-01-08 17:13:58,116 - INFO - [33mPress CTRL+C to quit[0m
2026-01-08 17:13:58,119 - INFO -  * Restarting with stat
2026-01-08 17:14:02,787 - INFO - æ¥æ”¶åˆ°æ’è¯¾è¯·æ±‚ - ç­çº§æ•°: 18, ç§‘ç›®æ•°: 13
2026-01-08 17:14:02,787 - INFO - è‡ªå®šä¹‰è€å¸ˆç§‘ç›®: ['è¯­æ–‡', 'æ•°å­¦', 'è‹±è¯­', 'ç§‘å­¦', 'ç¤¾ä¼š', 'ä½“è‚²', 'ç¾æœ¯', 'éŸ³ä¹', 'ä¿¡æ¯', 'å¿ƒç†', 'è¯¾å¤–æ´»åŠ¨', 'æ‹“å±•è¯¾', 'æ”¿æ•™æ´»åŠ¨']
2026-01-08 17:14:02,788 - INFO - Received config courses type: <class 'list'>
2026-01-08 17:14:02,788 - INFO -   -> è¯­æ–‡ uses original pool: 30 teachers
2026-01-08 17:14:02,788 - INFO -   -> æ•°å­¦ uses original pool: 30 teachers
2026-01-08 17:14:02,788 - INFO - Checking Sharding for æ”¿æ•™æ´»åŠ¨: Total Rules in Config: 27
2026-01-08 17:14:02,788 - INFO -   -> Found FIXED_SLOTS rule for æ”¿æ•™æ´»åŠ¨. Slots: [[4, 7]], Affected Classes: 18
2026-01-08 17:14:02,788 - INFO - Subject æ”¿æ•™æ´»åŠ¨ Peak Concurrency Demand: 18
2026-01-08 17:14:02,788 - INFO - Subject æ”¿æ•™æ´»åŠ¨ triggers Smart Sharding Pro. (Total: 18, Load Factor: 1, Concurrency Factor: 2)
2026-01-08 17:14:02,789 - INFO -   -> [High Concurrency] æ”¿æ•™æ´»åŠ¨ marked for 1:1 allocation. Required identities: 18
2026-01-08 17:14:02,789 - INFO -   -> Generated 20 sharded identities for æ”¿æ•™æ´»åŠ¨
2026-01-08 17:14:02,789 - INFO -   -> å¿ƒç† uses original pool: 10 teachers
2026-01-08 17:14:02,789 - INFO -   -> ç§‘å­¦ uses original pool: 30 teachers
2026-01-08 17:14:02,790 - INFO - Subject æ‹“å±•è¯¾ Peak Concurrency Demand: 12
2026-01-08 17:14:02,790 - INFO - Subject æ‹“å±•è¯¾ triggers Smart Sharding Pro. (Total: 18, Load Factor: 1, Concurrency Factor: 2)
2026-01-08 17:14:02,790 - INFO -   -> [High Concurrency] æ‹“å±•è¯¾ marked for 1:1 allocation. Required identities: 18
2026-01-08 17:14:02,790 - INFO -   -> Generated 20 sharded identities for æ‹“å±•è¯¾
2026-01-08 17:14:02,791 - INFO -   -> ä¿¡æ¯ uses original pool: 10 teachers
2026-01-08 17:14:02,791 - INFO -   -> éŸ³ä¹ uses original pool: 10 teachers
2026-01-08 17:14:02,791 - INFO - Subject è¯¾å¤–æ´»åŠ¨ Peak Concurrency Demand: 9
2026-01-08 17:14:02,791 - INFO -   -> è¯¾å¤–æ´»åŠ¨ uses original pool: 10 teachers
2026-01-08 17:14:02,791 - INFO -   -> è‹±è¯­ uses original pool: 30 teachers
2026-01-08 17:14:02,791 - INFO -   -> ç¤¾ä¼š uses original pool: 30 teachers
2026-01-08 17:14:02,791 - INFO -   -> ä½“è‚² uses original pool: 10 teachers
2026-01-08 17:14:02,791 - INFO -   -> ç¾æœ¯ uses original pool: 10 teachers
2026-01-08 17:14:02,791 - INFO - Subject Sharding Report Complete.
2026-01-08 17:14:02,791 - INFO - ===== æ’è¯¾è¯Šæ–­ä¿¡æ¯ =====
2026-01-08 17:14:02,791 - INFO - ç­çº§æ•°: 18, ç§‘ç›®æ•°: 13
2026-01-08 17:14:02,791 - INFO - æ¯å‘¨å¯ç”¨æ—¶æ®µ: 40 (5å¤© x 8èŠ‚)
2026-01-08 17:14:02,791 - INFO - æ ·æœ¬ç­çº§ (1) è¯¾æ—¶éœ€æ±‚: 36 èŠ‚
2026-01-08 17:14:02,792 - INFO - =========================
2026-01-08 17:14:02,792 - INFO - [é«˜å¹¶å‘è¯Šæ–­] æ‹“å±•è¯¾: 18 ä¸ªç‹¬ç«‹è€å¸ˆè¢«åˆ†é…
2026-01-08 17:14:02,792 - INFO - [é«˜å¹¶å‘è¯Šæ–­] æ”¿æ•™æ´»åŠ¨: 18 ä¸ªç‹¬ç«‹è€å¸ˆè¢«åˆ†é…
2026-01-08 17:14:02,792 - INFO - Generated 162 teachers after sharding. Total subjects in model: 13
2026-01-08 17:14:02,794 - INFO - æœ€ç¹å¿™è€å¸ˆ: ä½“è‚²1, å‘¨è¯¾æ—¶: 9, åˆ†é…ç­çº§æ•°: 3
2026-01-08 17:14:03,258 - INFO - [è§„åˆ™è¯Šæ–­] æ”¶åˆ° 27 æ¡è§„åˆ™:
2026-01-08 17:14:03,258 - INFO -   [1] ZONE_COUNT: ['è¯­æ–‡', 'æ•°å­¦', 'è‹±è¯­']
2026-01-08 17:14:03,259 - INFO -   [2] ZONE_COUNT: ['ç§‘å­¦']
2026-01-08 17:14:03,259 - INFO -   [3] ZONE_COUNT: ['ç§‘å­¦']
2026-01-08 17:14:03,259 - INFO -   [4] ZONE_COUNT: ['ç¤¾ä¼š']
2026-01-08 17:14:03,259 - INFO -   [5] FORBIDDEN_SLOTS: ['è¯­æ–‡', 'æ•°å­¦', 'è‹±è¯­', 'ç§‘å­¦']
2026-01-08 17:14:03,259 - INFO -   [6] FORBIDDEN_SLOTS: ['ç¤¾ä¼š']
2026-01-08 17:14:03,259 - INFO -   [7] FORBIDDEN_SLOTS: ['ä½“è‚²']
2026-01-08 17:14:03,259 - INFO -   [8] FORBIDDEN_SLOTS: ['éŸ³ä¹', 'ä½“è‚²', 'ç¾æœ¯', 'ä¿¡æ¯', 'å¿ƒç†']
2026-01-08 17:14:03,260 - INFO -   [9] FORBIDDEN_SLOTS: ['è¯­æ–‡', 'ç¤¾ä¼š', 'è‹±è¯­']
2026-01-08 17:14:03,260 - INFO -   [10] FORBIDDEN_SLOTS: ['æ•°å­¦', 'ç§‘å­¦']
2026-01-08 17:14:03,260 - INFO -   [11] FORBIDDEN_SLOTS: ['éŸ³ä¹']
2026-01-08 17:14:03,260 - INFO -   [12] FORBIDDEN_SLOTS: ['ç¾æœ¯']
2026-01-08 17:14:03,261 - INFO -   [13] FORBIDDEN_SLOTS: ['é™ˆå®‰', 'è°¢é£', 'å¶é’å³°', 'ç‹ä¼Ÿé”‹', 'è®¸æ•', 'æ›¹å³»ç‡•', 'å¯¿æµ·å³°', 'ä½™æ…§è', 'åˆ˜å»ºç¿', 'ç‹æ¸…', 'å‚…ä½³æƒ…', 'é™ˆå½¦ç¾½', 'æ²ˆé»æ¾', 'é²ä¼Ÿä½³']
2026-01-08 17:14:03,261 - INFO -   [14] GLOBAL_CAPACITY: ['ä½“è‚²']
2026-01-08 17:14:03,261 - INFO -   [15] FORBIDDEN_SLOTS: ['ä½“è‚²']
2026-01-08 17:14:03,261 - INFO -   [16] FORBIDDEN_SLOTS: ['ä¿¡æ¯']
2026-01-08 17:14:03,261 - INFO -   [17] FORBIDDEN_SLOTS: ['åˆä¸‰']
2026-01-08 17:14:03,261 - INFO -   [18] FORBIDDEN_SLOTS: ['éŸ³ä¹', 'ä½“è‚²', 'ç¾æœ¯', 'ä¿¡æ¯']
2026-01-08 17:14:03,261 - INFO -   [19] FORBIDDEN_SLOTS: ['éŸ³ä¹', 'ä½“è‚²', 'ç¾æœ¯', 'ä¿¡æ¯']
2026-01-08 17:14:03,261 - INFO -   [20] FIXED_SLOTS: ['æ”¿æ•™æ´»åŠ¨']
2026-01-08 17:14:03,262 - INFO -   [21] FIXED_SLOTS: ['æ‹“å±•è¯¾']
2026-01-08 17:14:03,262 - INFO -   [22] FIXED_SLOTS: ['æ‹“å±•è¯¾']
2026-01-08 17:14:03,262 - INFO -   [23] FIXED_SLOTS: ['æ‹“å±•è¯¾']
2026-01-08 17:14:03,262 - INFO -   [24] FIXED_SLOTS: ['è¯¾å¤–æ´»åŠ¨']
2026-01-08 17:14:03,262 - INFO -   [25] FIXED_SLOTS: ['è¯¾å¤–æ´»åŠ¨']
2026-01-08 17:14:03,262 - INFO -   [26] FIXED_SLOTS: ['è¯¾å¤–æ´»åŠ¨']
2026-01-08 17:14:03,262 - INFO -   [27] FORBIDDEN_SLOTS: ['è¯­æ–‡', 'æ•°å­¦', 'è‹±è¯­']
2026-01-08 17:14:03,426 - INFO - Solver status: INFEASIBLE
2026-01-08 17:14:03,431 - WARNING - æ’è¯¾å¤±è´¥ - constraint_too_tight: çº¦æŸæ¡ä»¶è¿‡äºä¸¥æ ¼ï¼Œæ±‚è§£å™¨åœ¨è§„å®šæ—¶é—´å†…æ— æ³•æ‰¾åˆ°è§£
2026-01-08 17:14:03,433 - INFO - 127.0.0.1 - - [08/Jan/2026 17:14:03] "[31m[1mPOST /api/init HTTP/1.1[0m" 400 -
2026-01-08 17:14:03,845 - WARNING -  * Debugger is active!
2026-01-08 17:14:03,864 - INFO -  * Debugger PIN: 570-250-899
2026-01-08 17:14:15,628 - INFO -  * Detected change in 'f:\\schedule_system\\normal.py', reloading
2026-01-08 17:14:15,912 - INFO -  * Restarting with stat
2026-01-08 17:14:16,701 - INFO -  * Detected change in 'f:\\schedule_system\\normal.py', reloading
2026-01-08 17:14:16,971 - INFO -  * Restarting with stat
2026-01-08 17:14:22,352 - WARNING -  * Debugger is active!
2026-01-08 17:14:22,365 - INFO -  * Debugger PIN: 570-250-899
2026-01-08 17:14:23,140 - WARNING -  * Debugger is active!
2026-01-08 17:14:23,157 - INFO -  * Debugger PIN: 570-250-899
2026-01-08 17:14:35,767 - INFO - [31m[1mWARNING: This is a development server. Do not use it in a production deployment. Use a production WSGI server instead.[0m
 * Running on http://127.0.0.1:8015
2026-01-08 17:14:35,767 - INFO - [33mPress CTRL+C to quit[0m
2026-01-08 17:14:35,770 - INFO -  * Restarting with stat
2026-01-08 17:14:38,538 - INFO - 127.0.0.1 - - [08/Jan/2026 17:14:38] "GET / HTTP/1.1" 200 -
2026-01-08 17:14:38,567 - INFO - 127.0.0.1 - - [08/Jan/2026 17:14:38] "[36mGET /static/css/output.css HTTP/1.1[0m" 304 -
2026-01-08 17:14:38,759 - INFO - 127.0.0.1 - - [08/Jan/2026 17:14:38] "[36mGET /static/css/bootstrap.min.css HTTP/1.1[0m" 304 -
2026-01-08 17:14:38,886 - INFO - 127.0.0.1 - - [08/Jan/2026 17:14:38] "[36mGET /static/css/bootstrap-icons.min.css HTTP/1.1[0m" 304 -
2026-01-08 17:14:38,886 - INFO - 127.0.0.1 - - [08/Jan/2026 17:14:38] "[36mGET /static/logo.png HTTP/1.1[0m" 304 -
2026-01-08 17:14:38,890 - INFO - 127.0.0.1 - - [08/Jan/2026 17:14:38] "[36mGET /static/js/bootstrap.bundle.min.js HTTP/1.1[0m" 304 -
2026-01-08 17:14:38,895 - INFO - 127.0.0.1 - - [08/Jan/2026 17:14:38] "[36mGET /static/js/chart.js HTTP/1.1[0m" 304 -
2026-01-08 17:14:39,223 - INFO - 127.0.0.1 - - [08/Jan/2026 17:14:39] "[36mGET /static/css/fonts/bootstrap-icons.woff2?dd67030699838ea613ee6dbda90effa6 HTTP/1.1[0m" 304 -
2026-01-08 17:14:40,919 - INFO - 127.0.0.1 - - [08/Jan/2026 17:14:40] "GET /api/list HTTP/1.1" 200 -
2026-01-08 17:14:42,101 - WARNING -  * Debugger is active!
2026-01-08 17:14:42,120 - INFO -  * Debugger PIN: 570-250-899
2026-01-08 17:14:42,894 - INFO - æ¥æ”¶åˆ°æ’è¯¾è¯·æ±‚ - ç­çº§æ•°: 18, ç§‘ç›®æ•°: 13
2026-01-08 17:14:42,895 - INFO - è‡ªå®šä¹‰è€å¸ˆç§‘ç›®: ['è¯­æ–‡', 'æ•°å­¦', 'è‹±è¯­', 'ç§‘å­¦', 'ç¤¾ä¼š', 'ä½“è‚²', 'ç¾æœ¯', 'éŸ³ä¹', 'ä¿¡æ¯', 'å¿ƒç†', 'è¯¾å¤–æ´»åŠ¨', 'æ‹“å±•è¯¾', 'æ”¿æ•™æ´»åŠ¨']
2026-01-08 17:14:42,895 - INFO - Received config courses type: <class 'list'>
2026-01-08 17:14:42,895 - INFO -   -> ä½“è‚² uses original pool: 10 teachers
2026-01-08 17:14:42,895 - INFO -   -> ç§‘å­¦ uses original pool: 30 teachers
2026-01-08 17:14:42,895 - INFO - Subject æ‹“å±•è¯¾ Peak Concurrency Demand: 18
2026-01-08 17:14:42,896 - INFO - Subject æ‹“å±•è¯¾ triggers Smart Sharding Pro. (Total: 18, Load Factor: 1, Concurrency Factor: 2)
2026-01-08 17:14:42,896 - INFO -   -> [High Concurrency] æ‹“å±•è¯¾ marked for 1:1 allocation. Required identities: 18
2026-01-08 17:14:42,896 - INFO -   -> Generated 20 sharded identities for æ‹“å±•è¯¾
2026-01-08 17:14:42,896 - INFO -   -> è¯¾å¤–æ´»åŠ¨ uses original pool: 10 teachers
2026-01-08 17:14:42,896 - INFO -   -> éŸ³ä¹ uses original pool: 10 teachers
2026-01-08 17:14:42,897 - INFO -   -> è‹±è¯­ uses original pool: 30 teachers
2026-01-08 17:14:42,897 - INFO -   -> æ•°å­¦ uses original pool: 30 teachers
2026-01-08 17:14:42,897 - INFO -   -> è¯­æ–‡ uses original pool: 30 teachers
2026-01-08 17:14:42,897 - INFO - Checking Sharding for æ”¿æ•™æ´»åŠ¨: Total Rules in Config: 2
2026-01-08 17:14:42,897 - INFO -   -> Found FIXED_SLOTS rule for æ”¿æ•™æ´»åŠ¨. Slots: [[4, 7]], Affected Classes: 18
2026-01-08 17:14:42,897 - INFO - Subject æ”¿æ•™æ´»åŠ¨ Peak Concurrency Demand: 18
2026-01-08 17:14:42,897 - INFO - Subject æ”¿æ•™æ´»åŠ¨ triggers Smart Sharding Pro. (Total: 18, Load Factor: 1, Concurrency Factor: 2)
2026-01-08 17:14:42,897 - INFO -   -> [High Concurrency] æ”¿æ•™æ´»åŠ¨ marked for 1:1 allocation. Required identities: 18
2026-01-08 17:14:42,897 - INFO -   -> Generated 20 sharded identities for æ”¿æ•™æ´»åŠ¨
2026-01-08 17:14:42,897 - INFO -   -> ç¤¾ä¼š uses original pool: 30 teachers
2026-01-08 17:14:42,897 - INFO -   -> å¿ƒç† uses original pool: 10 teachers
2026-01-08 17:14:42,897 - INFO -   -> ç¾æœ¯ uses original pool: 10 teachers
2026-01-08 17:14:42,897 - INFO -   -> ä¿¡æ¯ uses original pool: 10 teachers
2026-01-08 17:14:42,897 - INFO - Subject Sharding Report Complete.
2026-01-08 17:14:42,897 - INFO - ===== æ’è¯¾è¯Šæ–­ä¿¡æ¯ =====
2026-01-08 17:14:42,897 - INFO - ç­çº§æ•°: 18, ç§‘ç›®æ•°: 13
2026-01-08 17:14:42,897 - INFO - æ¯å‘¨å¯ç”¨æ—¶æ®µ: 40 (5å¤© x 8èŠ‚)
2026-01-08 17:14:42,897 - INFO - æ ·æœ¬ç­çº§ (1) è¯¾æ—¶éœ€æ±‚: 36 èŠ‚
2026-01-08 17:14:42,897 - INFO - =========================
2026-01-08 17:14:42,899 - INFO - [é«˜å¹¶å‘è¯Šæ–­] æ‹“å±•è¯¾: 18 ä¸ªç‹¬ç«‹è€å¸ˆè¢«åˆ†é…
2026-01-08 17:14:42,899 - INFO - [é«˜å¹¶å‘è¯Šæ–­] æ”¿æ•™æ´»åŠ¨: 18 ä¸ªç‹¬ç«‹è€å¸ˆè¢«åˆ†é…
2026-01-08 17:14:42,899 - INFO - Generated 162 teachers after sharding. Total subjects in model: 13
2026-01-08 17:14:42,899 - INFO - æœ€ç¹å¿™è€å¸ˆ: ä½“è‚²1, å‘¨è¯¾æ—¶: 9, åˆ†é…ç­çº§æ•°: 3
2026-01-08 17:14:43,413 - INFO - [è§„åˆ™è¯Šæ–­] æ”¶åˆ° 2 æ¡è§„åˆ™:
2026-01-08 17:14:43,414 - INFO -   [1] FIXED_SLOTS: ['æ”¿æ•™æ´»åŠ¨']
2026-01-08 17:14:43,414 - INFO -   [2] FIXED_SLOTS: ['æ‹“å±•è¯¾']
2026-01-08 17:14:44,914 - INFO - Solver status: OPTIMAL
2026-01-08 17:14:45,013 - INFO - æ’è¯¾æˆåŠŸ [9127ab21-cbff-44f6-ab38-bdc949626b07] - ç”Ÿæˆ 18 ä¸ªç­çº§çš„è¯¾è¡¨
2026-01-08 17:14:45,043 - INFO - 127.0.0.1 - - [08/Jan/2026 17:14:45] "POST /api/init HTTP/1.1" 200 -
2026-01-08 17:15:19,204 - INFO - HTTP Request: POST https://dashscope.aliyuncs.com/compatible-mode/v1/chat/completions "HTTP/1.1 200 OK"
2026-01-08 17:15:19,226 - INFO - AI ç”Ÿæˆè§„åˆ™æˆåŠŸï¼Œå…± 1 æ¡: [{'type': 'FORBIDDEN_SLOTS', 'targets': {'subjects': ['æ•°å­¦']}, 'params': {'slots': [[0, 4], [0, 5], [0, 6], [0, 7], [1, 4], [1, 5], [1, 6], [1, 7], [2, 4], [2, 5], [2, 6], [2, 7], [3, 4], [3, 5], [3, 6], [3, 7], [4, 4], [4, 5], [4, 6], [4, 7]]}, 'weight': 100}]
2026-01-08 17:15:19,228 - INFO - 127.0.0.1 - - [08/Jan/2026 17:15:19] "POST /api/ai_rule_gen HTTP/1.1" 200 -
2026-01-08 17:15:32,038 - INFO - 127.0.0.1 - - [08/Jan/2026 17:15:32] "[36mGET /static/rules/shaoxing_rules.json HTTP/1.1[0m" 304 -
2026-01-08 17:15:37,121 - INFO - æ¥æ”¶åˆ°æ’è¯¾è¯·æ±‚ - ç­çº§æ•°: 18, ç§‘ç›®æ•°: 13
2026-01-08 17:15:37,121 - INFO - è‡ªå®šä¹‰è€å¸ˆç§‘ç›®: ['è¯­æ–‡', 'æ•°å­¦', 'è‹±è¯­', 'ç§‘å­¦', 'ç¤¾ä¼š', 'ä½“è‚²', 'ç¾æœ¯', 'éŸ³ä¹', 'ä¿¡æ¯', 'å¿ƒç†', 'è¯¾å¤–æ´»åŠ¨', 'æ‹“å±•è¯¾', 'æ”¿æ•™æ´»åŠ¨']
2026-01-08 17:15:37,121 - INFO - Received config courses type: <class 'list'>
2026-01-08 17:15:37,121 - INFO -   -> ä½“è‚² uses original pool: 10 teachers
2026-01-08 17:15:37,121 - INFO -   -> ç§‘å­¦ uses original pool: 30 teachers
2026-01-08 17:15:37,121 - INFO - Subject æ‹“å±•è¯¾ Peak Concurrency Demand: 12
2026-01-08 17:15:37,121 - INFO - Subject æ‹“å±•è¯¾ triggers Smart Sharding Pro. (Total: 18, Load Factor: 1, Concurrency Factor: 2)
2026-01-08 17:15:37,121 - INFO -   -> [High Concurrency] æ‹“å±•è¯¾ marked for 1:1 allocation. Required identities: 18
2026-01-08 17:15:37,121 - INFO -   -> Generated 20 sharded identities for æ‹“å±•è¯¾
2026-01-08 17:15:37,121 - INFO - Subject è¯¾å¤–æ´»åŠ¨ Peak Concurrency Demand: 9
2026-01-08 17:15:37,122 - INFO -   -> è¯¾å¤–æ´»åŠ¨ uses original pool: 10 teachers
2026-01-08 17:15:37,122 - INFO -   -> éŸ³ä¹ uses original pool: 10 teachers
2026-01-08 17:15:37,122 - INFO -   -> è‹±è¯­ uses original pool: 30 teachers
2026-01-08 17:15:37,122 - INFO -   -> æ•°å­¦ uses original pool: 30 teachers
2026-01-08 17:15:37,122 - INFO -   -> è¯­æ–‡ uses original pool: 30 teachers
2026-01-08 17:15:37,122 - INFO - Checking Sharding for æ”¿æ•™æ´»åŠ¨: Total Rules in Config: 27
2026-01-08 17:15:37,122 - INFO -   -> Found FIXED_SLOTS rule for æ”¿æ•™æ´»åŠ¨. Slots: [[4, 7]], Affected Classes: 18
2026-01-08 17:15:37,122 - INFO - Subject æ”¿æ•™æ´»åŠ¨ Peak Concurrency Demand: 18
2026-01-08 17:15:37,122 - INFO - Subject æ”¿æ•™æ´»åŠ¨ triggers Smart Sharding Pro. (Total: 18, Load Factor: 1, Concurrency Factor: 2)
2026-01-08 17:15:37,122 - INFO -   -> [High Concurrency] æ”¿æ•™æ´»åŠ¨ marked for 1:1 allocation. Required identities: 18
2026-01-08 17:15:37,122 - INFO -   -> Generated 20 sharded identities for æ”¿æ•™æ´»åŠ¨
2026-01-08 17:15:37,122 - INFO -   -> ç¤¾ä¼š uses original pool: 30 teachers
2026-01-08 17:15:37,124 - INFO -   -> å¿ƒç† uses original pool: 10 teachers
2026-01-08 17:15:37,124 - INFO -   -> ç¾æœ¯ uses original pool: 10 teachers
2026-01-08 17:15:37,124 - INFO -   -> ä¿¡æ¯ uses original pool: 10 teachers
2026-01-08 17:15:37,124 - INFO - Subject Sharding Report Complete.
2026-01-08 17:15:37,124 - INFO - ===== æ’è¯¾è¯Šæ–­ä¿¡æ¯ =====
2026-01-08 17:15:37,124 - INFO - ç­çº§æ•°: 18, ç§‘ç›®æ•°: 13
2026-01-08 17:15:37,124 - INFO - æ¯å‘¨å¯ç”¨æ—¶æ®µ: 40 (5å¤© x 8èŠ‚)
2026-01-08 17:15:37,124 - INFO - æ ·æœ¬ç­çº§ (1) è¯¾æ—¶éœ€æ±‚: 36 èŠ‚
2026-01-08 17:15:37,124 - INFO - =========================
2026-01-08 17:15:37,125 - INFO - [é«˜å¹¶å‘è¯Šæ–­] æ‹“å±•è¯¾: 18 ä¸ªç‹¬ç«‹è€å¸ˆè¢«åˆ†é…
2026-01-08 17:15:37,125 - INFO - [é«˜å¹¶å‘è¯Šæ–­] æ”¿æ•™æ´»åŠ¨: 18 ä¸ªç‹¬ç«‹è€å¸ˆè¢«åˆ†é…
2026-01-08 17:15:37,126 - INFO - Generated 162 teachers after sharding. Total subjects in model: 13
2026-01-08 17:15:37,127 - INFO - æœ€ç¹å¿™è€å¸ˆ: ä½“è‚²1, å‘¨è¯¾æ—¶: 9, åˆ†é…ç­çº§æ•°: 3
2026-01-08 17:15:37,582 - INFO - [è§„åˆ™è¯Šæ–­] æ”¶åˆ° 27 æ¡è§„åˆ™:
2026-01-08 17:15:37,582 - INFO -   [1] ZONE_COUNT: ['è¯­æ–‡', 'æ•°å­¦', 'è‹±è¯­']
2026-01-08 17:15:37,582 - INFO -   [2] ZONE_COUNT: ['ç§‘å­¦']
2026-01-08 17:15:37,582 - INFO -   [3] ZONE_COUNT: ['ç§‘å­¦']
2026-01-08 17:15:37,582 - INFO -   [4] ZONE_COUNT: ['ç¤¾ä¼š']
2026-01-08 17:15:37,582 - INFO -   [5] FORBIDDEN_SLOTS: ['è¯­æ–‡', 'æ•°å­¦', 'è‹±è¯­', 'ç§‘å­¦']
2026-01-08 17:15:37,582 - INFO -   [6] FORBIDDEN_SLOTS: ['ç¤¾ä¼š']
2026-01-08 17:15:37,582 - INFO -   [7] FORBIDDEN_SLOTS: ['ä½“è‚²']
2026-01-08 17:15:37,582 - INFO -   [8] FORBIDDEN_SLOTS: ['éŸ³ä¹', 'ä½“è‚²', 'ç¾æœ¯', 'ä¿¡æ¯', 'å¿ƒç†']
2026-01-08 17:15:37,582 - INFO -   [9] FORBIDDEN_SLOTS: ['è¯­æ–‡', 'ç¤¾ä¼š', 'è‹±è¯­']
2026-01-08 17:15:37,582 - INFO -   [10] FORBIDDEN_SLOTS: ['æ•°å­¦', 'ç§‘å­¦']
2026-01-08 17:15:37,582 - INFO -   [11] FORBIDDEN_SLOTS: ['éŸ³ä¹']
2026-01-08 17:15:37,582 - INFO -   [12] FORBIDDEN_SLOTS: ['ç¾æœ¯']
2026-01-08 17:15:37,584 - INFO -   [13] FORBIDDEN_SLOTS: ['é™ˆå®‰', 'è°¢é£', 'å¶é’å³°', 'ç‹ä¼Ÿé”‹', 'è®¸æ•', 'æ›¹å³»ç‡•', 'å¯¿æµ·å³°', 'ä½™æ…§è', 'åˆ˜å»ºç¿', 'ç‹æ¸…', 'å‚…ä½³æƒ…', 'é™ˆå½¦ç¾½', 'æ²ˆé»æ¾', 'é²ä¼Ÿä½³']
2026-01-08 17:15:37,584 - INFO -   [14] GLOBAL_CAPACITY: ['ä½“è‚²']
2026-01-08 17:15:37,584 - INFO -   [15] FORBIDDEN_SLOTS: ['ä½“è‚²']
2026-01-08 17:15:37,584 - INFO -   [16] FORBIDDEN_SLOTS: ['ä¿¡æ¯']
2026-01-08 17:15:37,584 - INFO -   [17] FORBIDDEN_SLOTS: ['åˆä¸‰']
2026-01-08 17:15:37,584 - INFO -   [18] FORBIDDEN_SLOTS: ['éŸ³ä¹', 'ä½“è‚²', 'ç¾æœ¯', 'ä¿¡æ¯']
2026-01-08 17:15:37,584 - INFO -   [19] FORBIDDEN_SLOTS: ['éŸ³ä¹', 'ä½“è‚²', 'ç¾æœ¯', 'ä¿¡æ¯']
2026-01-08 17:15:37,584 - INFO -   [20] FIXED_SLOTS: ['æ”¿æ•™æ´»åŠ¨']
2026-01-08 17:15:37,584 - INFO -   [21] FIXED_SLOTS: ['æ‹“å±•è¯¾']
2026-01-08 17:15:37,584 - INFO -   [22] FIXED_SLOTS: ['æ‹“å±•è¯¾']
2026-01-08 17:15:37,584 - INFO -   [23] FIXED_SLOTS: ['æ‹“å±•è¯¾']
2026-01-08 17:15:37,584 - INFO -   [24] FIXED_SLOTS: ['è¯¾å¤–æ´»åŠ¨']
2026-01-08 17:15:37,585 - INFO -   [25] FIXED_SLOTS: ['è¯¾å¤–æ´»åŠ¨']
2026-01-08 17:15:37,585 - INFO -   [26] FIXED_SLOTS: ['è¯¾å¤–æ´»åŠ¨']
2026-01-08 17:15:37,585 - INFO -   [27] FORBIDDEN_SLOTS: ['è¯­æ–‡', 'æ•°å­¦', 'è‹±è¯­']
2026-01-08 17:15:39,958 - INFO - Solver status: OPTIMAL
2026-01-08 17:15:40,019 - INFO - æ’è¯¾æˆåŠŸ [eb8e6a12-ac62-4e05-b040-5a3662b63a7f] - ç”Ÿæˆ 18 ä¸ªç­çº§çš„è¯¾è¡¨
2026-01-08 17:15:40,040 - INFO - 127.0.0.1 - - [08/Jan/2026 17:15:40] "POST /api/init HTTP/1.1" 200 -
2026-01-08 17:15:46,430 - INFO - 127.0.0.1 - - [08/Jan/2026 17:15:46] "POST /api/schedule/move HTTP/1.1" 200 -
2026-01-08 17:15:47,493 - INFO - 127.0.0.1 - - [08/Jan/2026 17:15:47] "POST /api/schedule/move HTTP/1.1" 200 -
2026-01-08 17:15:51,180 - INFO - 127.0.0.1 - - [08/Jan/2026 17:15:51] "POST /api/restore HTTP/1.1" 200 -
2026-01-08 17:15:51,446 - INFO - 127.0.0.1 - - [08/Jan/2026 17:15:51] "POST /api/restore HTTP/1.1" 200 -
